{
  "RSpec": {
    "coverage": {
      "/Users/meads/Programming/Ruby/MakersAcademy/Projects/proximibee_Admin/config/environment.rb": [
        null,
        1,
        null,
        null,
        1
      ],
      "/Users/meads/Programming/Ruby/MakersAcademy/Projects/proximibee_Admin/config/application.rb": [
        1,
        null,
        1,
        null,
        1,
        1,
        1,
        1,
        1,
        1,
        1,
        null,
        null,
        null,
        null,
        1,
        null,
        1,
        1,
        null,
        null,
        null,
        null,
        null,
        null,
        null,
        null,
        null,
        null,
        null,
        null,
        null,
        null,
        1,
        null,
        null
      ],
      "/Users/meads/Programming/Ruby/MakersAcademy/Projects/proximibee_Admin/config/boot.rb": [
        1,
        null,
        1
      ],
      "/Users/meads/Programming/Ruby/MakersAcademy/Projects/proximibee_Admin/config/environments/test.rb": [
        1,
        null,
        1,
        null,
        null,
        null,
        null,
        null,
        1,
        null,
        null,
        null,
        null,
        1,
        null,
        null,
        1,
        1,
        null,
        null,
        1,
        1,
        null,
        null,
        1,
        null,
        null,
        1,
        null,
        null,
        null,
        null,
        1,
        null,
        null,
        1,
        null,
        null,
        1,
        null,
        null,
        null,
        null
      ],
      "/Users/meads/Programming/Ruby/MakersAcademy/Projects/proximibee_Admin/config/initializers/assets.rb": [
        null,
        null,
        null,
        1,
        1,
        null,
        null,
        null,
        null,
        null,
        null,
        null
      ],
      "/Users/meads/Programming/Ruby/MakersAcademy/Projects/proximibee_Admin/config/initializers/backtrace_silencers.rb": [
        null,
        null,
        null,
        null,
        null,
        null,
        null
      ],
      "/Users/meads/Programming/Ruby/MakersAcademy/Projects/proximibee_Admin/config/initializers/cookies_serializer.rb": [
        null,
        null,
        1
      ],
      "/Users/meads/Programming/Ruby/MakersAcademy/Projects/proximibee_Admin/config/initializers/filter_parameter_logging.rb": [
        null,
        null,
        null,
        1
      ],
      "/Users/meads/Programming/Ruby/MakersAcademy/Projects/proximibee_Admin/config/initializers/inflections.rb": [
        null,
        null,
        null,
        null,
        null,
        null,
        null,
        null,
        null,
        null,
        null,
        null,
        null,
        null,
        null,
        null
      ],
      "/Users/meads/Programming/Ruby/MakersAcademy/Projects/proximibee_Admin/config/initializers/mime_types.rb": [
        null,
        null,
        null,
        null
      ],
      "/Users/meads/Programming/Ruby/MakersAcademy/Projects/proximibee_Admin/config/initializers/paperclip.rb": [
        1,
        1
      ],
      "/Users/meads/Programming/Ruby/MakersAcademy/Projects/proximibee_Admin/config/initializers/session_store.rb": [
        null,
        null,
        1
      ],
      "/Users/meads/Programming/Ruby/MakersAcademy/Projects/proximibee_Admin/config/initializers/wrap_parameters.rb": [
        null,
        null,
        null,
        null,
        null,
        null,
        1,
        1,
        null,
        null,
        null,
        null,
        null,
        null
      ],
      "/Users/meads/Programming/Ruby/MakersAcademy/Projects/proximibee_Admin/config/routes.rb": [
        1,
        null,
        null,
        null,
        null,
        null,
        1,
        1,
        null,
        null,
        null,
        null,
        null,
        1,
        1,
        null,
        1,
        null,
        1,
        null,
        null,
        null,
        null,
        null,
        null,
        null,
        null,
        null,
        null,
        null,
        null,
        null,
        null,
        null,
        null,
        null,
        null,
        null,
        null,
        null,
        null,
        null,
        null,
        null,
        null,
        null,
        null,
        null,
        null,
        null,
        null,
        null,
        null,
        null,
        null,
        null,
        null,
        null,
        null,
        null,
        null,
        null,
        null,
        null,
        null,
        null,
        null,
        null,
        null
      ],
      "/Users/meads/Programming/Ruby/MakersAcademy/Projects/proximibee_Admin/app/helpers/application_helper.rb": [
        1,
        null
      ],
      "/Users/meads/Programming/Ruby/MakersAcademy/Projects/proximibee_Admin/app/helpers/beacons_helper.rb": [
        1,
        null
      ],
      "/Users/meads/Programming/Ruby/MakersAcademy/Projects/proximibee_Admin/app/helpers/data_helper.rb": [
        1,
        null
      ],
      "/Users/meads/Programming/Ruby/MakersAcademy/Projects/proximibee_Admin/app/helpers/products_helper.rb": [
        1,
        null
      ],
      "/Users/meads/Programming/Ruby/MakersAcademy/Projects/proximibee_Admin/app/helpers/shows_helper.rb": [
        1,
        null
      ]
    },
    "timestamp": 1429951697
  }
}
